<?xml version="1.0" encoding="UTF-8"?>
<testng-results skipped="0" failed="0" ignored="0" total="2" passed="2">
  <reporter-output>
  </reporter-output>
  <suite name="Default suite" duration-ms="2000" started-at="2018-04-05T10:11:04Z" finished-at="2018-04-05T10:11:06Z">
    <groups>
    </groups>
    <test name="Default test" duration-ms="2000" started-at="2018-04-05T10:11:04Z" finished-at="2018-04-05T10:11:06Z">
      <class name="com.fbk.TestCases.SignUpTestCases">
        <test-method status="PASS" signature="setUp()[pri:0, instance:com.fbk.TestCases.SignUpTestCases@47c62251]" name="setUp" is-config="true" duration-ms="21097" started-at="2018-04-05T10:10:42Z" finished-at="2018-04-05T10:11:04Z">
          <reporter-output>
          </reporter-output>
        </test-method> <!-- setUp -->
        <test-method status="PASS" signature="verifySignUpTest()[pri:0, instance:com.fbk.TestCases.SignUpTestCases@47c62251]" name="verifySignUpTest" duration-ms="1906" started-at="2018-04-05T10:11:04Z" finished-at="2018-04-05T10:11:05Z">
          <reporter-output>
          </reporter-output>
        </test-method> <!-- verifySignUpTest -->
        <test-method status="PASS" signature="verifyTitleTest()[pri:0, instance:com.fbk.TestCases.SignUpTestCases@47c62251]" name="verifyTitleTest" duration-ms="31" started-at="2018-04-05T10:11:06Z" finished-at="2018-04-05T10:11:06Z">
          <reporter-output>
          </reporter-output>
        </test-method> <!-- verifyTitleTest -->
      </class> <!-- com.fbk.TestCases.SignUpTestCases -->
    </test> <!-- Default test -->
  </suite> <!-- Default suite -->
</testng-results>
